#
# A fatal error has been detected by the Java Runtime Environment:
#
#  EXCEPTION_ACCESS_VIOLATION (0xc0000005) at pc=0x000000006d2fc48b, pid=21844, tid=4480
#
# JRE version: 7.0_05-b06
# Java VM: Java HotSpot(TM) 64-Bit Server VM (23.1-b03 mixed mode windows-amd64 compressed oops)
# Problematic frame:
# V  [jvm.dll+0x11c48b]
#
# Failed to write core dump. Minidumps are not enabled by default on client versions of Windows
#
# If you would like to submit a bug report, please visit:
#   http://bugreport.sun.com/bugreport/crash.jsp
#

---------------  T H R E A D  ---------------

Current thread (0x0000000012ee1800):  JavaThread "JDWP Transport Listener: dt_socket" daemon [_thread_in_vm, id=4480, stack(0x0000000014b30000,0x0000000014c30000)]

siginfo: ExceptionCode=0xc0000005, reading address 0x00000000ffffffff

Registers:
RAX=0x0000000014c2f801, RBX=0x0000000012ee1800, RCX=0x0000000076656469, RDX=0x0000000012ee1800
RSP=0x0000000014c2f7b0, RBP=0x0000000076656469, RSI=0x0000000014c2f8c8, RDI=0x000000000252a320
R8 =0x0000000014c2f8c8, R9 =0x0000000000a20030, R10=0x0000000000000000, R11=0x0000000012fa8cd1
R12=0x0000000000000000, R13=0x0000000000000000, R14=0x0000000000000000, R15=0x0000000000000000
RIP=0x000000006d2fc48b, EFLAGS=0x0000000000010206

Top of Stack: (sp=0x0000000014c2f7b0)
0x0000000014c2f7b0:   0000000012ee1800 0000000012ee6f90
0x0000000014c2f7c0:   0000000014c2f878 000000006d482539
0x0000000014c2f7d0:   0000000012ee1800 000000006d49df02
0x0000000014c2f7e0:   0000000000000000 0000000012ee1800
0x0000000014c2f7f0:   00000000130e6830 000000005c72264e
0x0000000014c2f800:   0000000012ee1800 0000000000000000
0x0000000014c2f810:   0000000000000000 0000000000000000
0x0000000014c2f820:   6f736a2f76656469 000000005c721745
0x0000000014c2f830:   0000000014c2f8c8 0000000014c2f8a0
0x0000000014c2f840:   0000000000000001 00000000130e6830
0x0000000014c2f850:   6f736a2f76656469 000000005c7053b3
0x0000000014c2f860:   0000000014c2f990 0000000000000001
0x0000000014c2f870:   0000000000000001 00000000130e6830
0x0000000014c2f880:   0000000000000002 0000000000000000
0x0000000014c2f890:   0000000000000000 0000000000000000
0x0000000014c2f8a0:   0000000000000001 000000005c705571 

Instructions: (pc=0x000000006d2fc48b)
0x000000006d2fc46b:   48 8b 5c 24 30 48 89 47 18 48 83 c4 20 5f c3 cc
0x000000006d2fc47b:   cc cc cc cc cc 40 53 48 83 ec 20 48 85 c9 74 54
0x000000006d2fc48b:   48 8b 19 48 85 db 74 4c 48 b8 fe fe fe fe fe fe
0x000000006d2fc49b:   fe fe 48 3b d8 74 3d 80 3d ff c7 58 00 00 74 15 


Register to memory mapping:

RAX=0x0000000014c2f801 is pointing into the stack for thread: 0x0000000012ee1800
RBX=0x0000000012ee1800 is a thread
RCX=0x0000000076656469 is an unknown value
RDX=0x0000000012ee1800 is a thread
RSP=0x0000000014c2f7b0 is pointing into the stack for thread: 0x0000000012ee1800
RBP=0x0000000076656469 is an unknown value
RSI=0x0000000014c2f8c8 is pointing into the stack for thread: 0x0000000012ee1800
RDI=0x000000000252a320 is an unknown value
R8 =0x0000000014c2f8c8 is pointing into the stack for thread: 0x0000000012ee1800
R9 =0x0000000000a20030 is an unknown value
R10=0x0000000000000000 is an unknown value
R11=0x0000000012fa8cd1 is an unknown value
R12=0x0000000000000000 is an unknown value
R13=0x0000000000000000 is an unknown value
R14=0x0000000000000000 is an unknown value
R15=0x0000000000000000 is an unknown value


Stack: [0x0000000014b30000,0x0000000014c30000],  sp=0x0000000014c2f7b0,  free space=1021k
Native frames: (J=compiled Java code, j=interpreted, Vv=VM code, C=native code)
V  [jvm.dll+0x11c48b]


---------------  P R O C E S S  ---------------

Java Threads: ( => current thread )
  0x0000000012f71800 JavaThread "Service Thread" daemon [_thread_blocked, id=13496, stack(0x0000000014e20000,0x0000000014f20000)]
  0x0000000012f6f800 JavaThread "C2 CompilerThread1" daemon [_thread_blocked, id=5200, stack(0x0000000014d10000,0x0000000014e10000)]
  0x0000000012f6d000 JavaThread "C2 CompilerThread0" daemon [_thread_blocked, id=18440, stack(0x0000000014690000,0x0000000014790000)]
  0x0000000012eef000 JavaThread "JDWP Command Reader" daemon [_thread_in_native, id=15660, stack(0x00000000148c0000,0x00000000149c0000)]
  0x0000000012eee000 JavaThread "JDWP Event Helper Thread" daemon [_thread_blocked, id=10532, stack(0x0000000014290000,0x0000000014390000)]
=>0x0000000012ee1800 JavaThread "JDWP Transport Listener: dt_socket" daemon [_thread_in_vm, id=4480, stack(0x0000000014b30000,0x0000000014c30000)]
  0x0000000012ed7000 JavaThread "Attach Listener" daemon [_thread_blocked, id=8448, stack(0x00000000147b0000,0x00000000148b0000)]
  0x0000000012ed6800 JavaThread "Signal Dispatcher" daemon [_thread_blocked, id=16924, stack(0x0000000014580000,0x0000000014680000)]
  0x00000000118a9800 JavaThread "Finalizer" daemon [_thread_blocked, id=7776, stack(0x00000000143b0000,0x00000000144b0000)]
  0x00000000118a3000 JavaThread "Reference Handler" daemon [_thread_blocked, id=22304, stack(0x0000000014180000,0x0000000014280000)]
  0x000000000252e800 JavaThread "main" [_thread_blocked, id=21780, stack(0x0000000002640000,0x0000000002740000)]

Other Threads:
  0x000000001189b000 VMThread [stack: 0x0000000013f60000,0x0000000014060000] [id=11800]
  0x0000000012f85000 WatcherThread [stack: 0x00000000150c0000,0x00000000151c0000] [id=7604]

VM state:not at safepoint (normal execution)

VM Mutex/Monitor currently owned by a thread: None

Heap
 PSYoungGen      total 76160K, used 13107K [0x00000000ab0b0000, 0x00000000b05a0000, 0x0000000000000000)
  eden space 65344K, 20% used [0x00000000ab0b0000,0x00000000abd7ccd8,0x00000000af080000)
  from space 10816K, 0% used [0x00000000afb10000,0x00000000afb10000,0x00000000b05a0000)
  to   space 10816K, 0% used [0x00000000af080000,0x00000000af080000,0x00000000afb10000)
 ParOldGen       total 174016K, used 0K [0x0000000001200000, 0x000000000bbf0000, 0x00000000ab0b0000)
  object space 174016K, 0% used [0x0000000001200000,0x0000000001200000,0x000000000bbf0000)
 PSPermGen       total 21248K, used 5150K [0x00000000fc000000, 0x00000000fd4c0000, 0x0000000001200000)
  object space 21248K, 24% used [0x00000000fc000000,0x00000000fc507a88,0x00000000fd4c0000)

Code Cache  [0x0000000002740000, 0x00000000029b0000, 0x0000000005740000)
 total_blobs=246 nmethods=36 adapters=170 free_code_cache=48684Kb largest_free_block=49825728

Compilation events (10 events):
Event: 0.269 Thread 0x0000000012f6d000 nmethod 30 0x00000000027af910 code [0x00000000027afa60, 0x00000000027afc58]
Event: 0.269 Thread 0x0000000012f6d000   32             java.lang.String::substring (83 bytes)
Event: 0.270 Thread 0x0000000012f6d000 nmethod 32 0x00000000027af550 code [0x00000000027af6a0, 0x00000000027af7f8]
Event: 0.270 Thread 0x0000000012f6d000   33             java.lang.String::<init> (20 bytes)
Event: 0.271 Thread 0x0000000012f6d000 nmethod 33 0x00000000027b79d0 code [0x00000000027b7b00, 0x00000000027b7b78]
Event: 0.274 Thread 0x0000000012f6f800 nmethod 31 0x00000000027b7190 code [0x00000000027b72e0, 0x00000000027b7778]
Event: 2.558 Thread 0x0000000012f6d000   34             net.minidev.json.parser.JSONParserBase::parseNumber (359 bytes)
Event: 2.559 Thread 0x0000000012f6f800   35             net.minidev.json.parser.JSONParserBase::skipDigits (26 bytes)
Event: 2.562 Thread 0x0000000012f6f800 nmethod 35 0x00000000027b6c90 code [0x00000000027b6de0, 0x00000000027b6fd8]
Event: 2.570 Thread 0x0000000012f6d000 nmethod 34 0x00000000027b3cd0 code [0x00000000027b3ea0, 0x00000000027b4830]

GC Heap History (0 events):
No events

Deoptimization events (0 events):
No events

Internal exceptions (10 events):
Event: 0.255 Thread 0x000000000252e800 Threw 0x00000000abbde280 at C:\jdk7u1_64p\jdk7u5\hotspot\src\share\vm\prims\jvm.cpp:1166
Event: 0.262 Thread 0x000000000252e800 Threw 0x00000000abc0d388 at C:\jdk7u1_64p\jdk7u5\hotspot\src\share\vm\prims\jvm.cpp:1166
Event: 0.262 Thread 0x000000000252e800 Threw 0x00000000abc17d80 at C:\jdk7u1_64p\jdk7u5\hotspot\src\share\vm\prims\jvm.cpp:1166
Event: 0.263 Thread 0x000000000252e800 Threw 0x00000000abc1cdf8 at C:\jdk7u1_64p\jdk7u5\hotspot\src\share\vm\prims\jvm.cpp:1166
Event: 0.263 Thread 0x000000000252e800 Threw 0x00000000abc25900 at C:\jdk7u1_64p\jdk7u5\hotspot\src\share\vm\prims\jvm.cpp:1166
Event: 0.263 Thread 0x000000000252e800 Threw 0x00000000abc2b950 at C:\jdk7u1_64p\jdk7u5\hotspot\src\share\vm\prims\jvm.cpp:1166
Event: 0.264 Thread 0x000000000252e800 Threw 0x00000000abc34a50 at C:\jdk7u1_64p\jdk7u5\hotspot\src\share\vm\prims\jvm.cpp:1166
Event: 0.264 Thread 0x000000000252e800 Threw 0x00000000abc3d610 at C:\jdk7u1_64p\jdk7u5\hotspot\src\share\vm\prims\jvm.cpp:1166
Event: 0.264 Thread 0x000000000252e800 Threw 0x00000000abc46070 at C:\jdk7u1_64p\jdk7u5\hotspot\src\share\vm\prims\jvm.cpp:1166
Event: 0.265 Thread 0x000000000252e800 Threw 0x00000000abc4af98 at C:\jdk7u1_64p\jdk7u5\hotspot\src\share\vm\prims\jvm.cpp:1166

Events (10 events):
Event: 619.916 Executing VM operation: ChangeBreakpoints
Event: 619.916 Executing VM operation: ChangeBreakpoints done
Event: 619.918 Executing VM operation: RedefineClasses
Event: 619.919 Executing VM operation: RedefineClasses done
Event: 619.919 Executing VM operation: GetOrSetLocal
Event: 619.919 Executing VM operation: GetOrSetLocal done
Event: 619.927 Executing VM operation: ChangeBreakpoints
Event: 619.927 Executing VM operation: ChangeBreakpoints done
Event: 619.928 Executing VM operation: ChangeBreakpoints
Event: 619.928 Executing VM operation: ChangeBreakpoints done


Dynamic libraries:
0x000000003f6d0000 - 0x000000003f703000 	C:\Program Files\Java\jdk1.7.0_05\bin\java.exe
0x0000000077040000 - 0x00000000771e9000 	C:\Windows\SYSTEM32\ntdll.dll
0x0000000076dc0000 - 0x0000000076edf000 	C:\Windows\system32\kernel32.dll
0x00000000fd550000 - 0x00000000fd5bb000 	C:\Windows\system32\KERNELBASE.dll
0x00000000feb40000 - 0x00000000fec1b000 	C:\Windows\system32\ADVAPI32.dll
0x00000000fedc0000 - 0x00000000fee5f000 	C:\Windows\system32\msvcrt.dll
0x00000000ff010000 - 0x00000000ff02f000 	C:\Windows\SYSTEM32\sechost.dll
0x00000000ff120000 - 0x00000000ff24d000 	C:\Windows\system32\RPCRT4.dll
0x0000000076b60000 - 0x0000000076c5a000 	C:\Windows\system32\USER32.dll
0x00000000ff0b0000 - 0x00000000ff117000 	C:\Windows\system32\GDI32.dll
0x00000000ff270000 - 0x00000000ff27e000 	C:\Windows\system32\LPK.dll
0x00000000fecf0000 - 0x00000000fedba000 	C:\Windows\system32\USP10.dll
0x00000000fbe10000 - 0x00000000fc004000 	C:\Windows\WinSxS\amd64_microsoft.windows.common-controls_6595b64144ccf1df_6.0.7601.17514_none_fa396087175ac9ac\COMCTL32.dll
0x00000000ff030000 - 0x00000000ff0a1000 	C:\Windows\system32\SHLWAPI.dll
0x00000000ff280000 - 0x00000000ff2ae000 	C:\Windows\system32\IMM32.DLL
0x00000000fef00000 - 0x00000000ff009000 	C:\Windows\system32\MSCTF.dll
0x000000005c760000 - 0x000000005c831000 	C:\Program Files\Java\jdk1.7.0_05\jre\bin\msvcr100.dll
0x000000006d1e0000 - 0x000000006d8fa000 	C:\Program Files\Java\jdk1.7.0_05\jre\bin\server\jvm.dll
0x00000000f7850000 - 0x00000000f7859000 	C:\Windows\system32\WSOCK32.dll
0x00000000fec20000 - 0x00000000fec6d000 	C:\Windows\system32\WS2_32.dll
0x00000000fe950000 - 0x00000000fe958000 	C:\Windows\system32\NSI.dll
0x00000000fa150000 - 0x00000000fa18b000 	C:\Windows\system32\WINMM.dll
0x0000000077210000 - 0x0000000077217000 	C:\Windows\system32\PSAPI.DLL
0x00000000697a0000 - 0x00000000697af000 	C:\Program Files\Java\jdk1.7.0_05\jre\bin\verify.dll
0x0000000069490000 - 0x00000000694b8000 	C:\Program Files\Java\jdk1.7.0_05\jre\bin\java.dll
0x000000005c700000 - 0x000000005c735000 	C:\Program Files\Java\jdk1.7.0_05\jre\bin\jdwp.dll
0x0000000067f20000 - 0x0000000067f28000 	C:\Program Files\Java\jdk1.7.0_05\jre\bin\npt.dll
0x000000005a570000 - 0x000000005a593000 	C:\Program Files\Java\jdk1.7.0_05\jre\bin\instrument.dll
0x000000005c740000 - 0x000000005c755000 	C:\Program Files\Java\jdk1.7.0_05\jre\bin\zip.dll
0x0000000067c80000 - 0x0000000067c89000 	C:\Program Files\Java\jdk1.7.0_05\jre\bin\dt_socket.dll
0x00000000fcd10000 - 0x00000000fcd65000 	C:\Windows\system32\mswsock.dll
0x00000000fc670000 - 0x00000000fc677000 	C:\Windows\System32\wshtcpip.dll
0x00000000eba40000 - 0x00000000ebb65000 	C:\Windows\system32\dbghelp.dll

VM Arguments:
jvm_args: -agentlib:jdwp=transport=dt_socket,address=127.0.0.1:57929,suspend=y,server=n -javaagent:C:\Users\rxiao\.IdeaIC14\system\groovyHotSwap\gragent.jar -Dfile.encoding=GBK 
java_command: com.intellij.rt.execution.junit.JUnitStarter -ideVersion5 com.xiaoqq.stockwin.util.StockJsonParserTest,testGetStockRoot
Launcher Type: SUN_STANDARD

Environment Variables:
JAVA_HOME=c:\Program Files\Java\jdk1.6.0_24
JRE_HOME=c:\Program Files\Java\jre6
PATH=C:\ProgramData\Oracle\Java\javapath;C:\Program Files (x86)\Intel\iCLS Client\;C:\Program Files\Intel\iCLS Client\;C:\Windows\system32;C:\Windows;C:\Windows\System32\Wbem;C:\Windows\System32\WindowsPowerShell\v1.0\;C:\Program Files\Intel\Intel(R) Management Engine Components\DAL;C:\Program Files (x86)\Intel\Intel(R) Management Engine Components\DAL;C:\Program Files\Intel\Intel(R) Management Engine Components\IPT;C:\Program Files (x86)\Intel\Intel(R) Management Engine Components\IPT;c:\Program Files\Java\jdk1.6.0_24\bin;C:\Program Files (x86)\Git\cmd;C:\Program Files (x86)\Git\bin;C:\Program Files\TortoiseSVN\bin;e:\open_source\ant\quest-ant-1.7/bin;e:\open_source\apache-maven-3.0.3/bin;C:\Program Files\nodejs\;c:\Program Files (x86)\Vim\vim73;C:\Ruby22-x64\bin;C:\Users\rxiao\AppData\Roaming\npm
USERNAME=rxiao
OS=Windows_NT
PROCESSOR_IDENTIFIER=Intel64 Family 6 Model 63 Stepping 2, GenuineIntel



---------------  S Y S T E M  ---------------

OS: Windows 7 , 64 bit Build 7601 Service Pack 1

CPU:total 12 (6 cores per cpu, 2 threads per core) family 6 model 63 stepping 2, cmov, cx8, fxsr, mmx, sse, sse2, sse3, ssse3, sse4.1, sse4.2, popcnt, avx, avx2, ht, tsc, tscinvbit

Memory: 4k page, physical 16699828k(3963332k free), swap 33397800k(8103596k free)

vm_info: Java HotSpot(TM) 64-Bit Server VM (23.1-b03) for windows-amd64 JRE (1.7.0_05-b06), built on Jun 27 2012 00:54:58 by "java_re" with unknown MS VC++:1600

time: Thu Jun 30 20:22:34 2016
elapsed time: 619 seconds

