#
# A fatal error has been detected by the Java Runtime Environment:
#
#  EXCEPTION_ACCESS_VIOLATION (0xc0000005) at pc=0x000000006d2fc48b, pid=21044, tid=440
#
# JRE version: 7.0_05-b06
# Java VM: Java HotSpot(TM) 64-Bit Server VM (23.1-b03 mixed mode windows-amd64 compressed oops)
# Problematic frame:
# V  [jvm.dll+0x11c48b]
#
# Failed to write core dump. Minidumps are not enabled by default on client versions of Windows
#
# If you would like to submit a bug report, please visit:
#   http://bugreport.sun.com/bugreport/crash.jsp
#

---------------  T H R E A D  ---------------

Current thread (0x00000000130b0000):  JavaThread "JDWP Transport Listener: dt_socket" daemon [_thread_in_vm, id=440, stack(0x0000000014a80000,0x0000000014b80000)]

siginfo: ExceptionCode=0xc0000005, reading address 0x00000000ffffffff

Registers:
RAX=0x0000000014b7f601, RBX=0x00000000130b0000, RCX=0x000000006e610056, RDX=0x00000000130b0000
RSP=0x0000000014b7f650, RBP=0x000000006e610056, RSI=0x0000000014b7f768, RDI=0x000000000259a320
R8 =0x0000000014b7f768, R9 =0x00000000002f0008, R10=0x0000000000000000, R11=0x00000000131850e1
R12=0x0000000000000000, R13=0x0000000000000000, R14=0x0000000000000000, R15=0x0000000000000000
RIP=0x000000006d2fc48b, EFLAGS=0x0000000000010206

Top of Stack: (sp=0x0000000014b7f650)
0x0000000014b7f650:   00000000130b0000 00000000130b4fa0
0x0000000014b7f660:   0000000014b7f718 000000006d482539
0x0000000014b7f670:   00000000130b0000 000000006d49df02
0x0000000014b7f680:   0000000000000000 00000000130b0000
0x0000000014b7f690:   00000000132ebc00 000000005c72264e
0x0000000014b7f6a0:   00000000130b0000 0000000000000000
0x0000000014b7f6b0:   0000000000000000 0000000000000000
0x0000000014b7f6c0:   74532f676e610056 000000005c721745
0x0000000014b7f6d0:   0000000014b7f768 0000000014b7f740
0x0000000014b7f6e0:   0000000000000001 00000000132ebc00
0x0000000014b7f6f0:   74532f676e610056 000000005c7053b3
0x0000000014b7f700:   0000000014b7f830 0000000000000001
0x0000000014b7f710:   0000000000000001 00000000132ebc00
0x0000000014b7f720:   0000000000000001 0000000000000000
0x0000000014b7f730:   0000000000000000 0000000000000000
0x0000000014b7f740:   0000000000000001 000000005c705571 

Instructions: (pc=0x000000006d2fc48b)
0x000000006d2fc46b:   48 8b 5c 24 30 48 89 47 18 48 83 c4 20 5f c3 cc
0x000000006d2fc47b:   cc cc cc cc cc 40 53 48 83 ec 20 48 85 c9 74 54
0x000000006d2fc48b:   48 8b 19 48 85 db 74 4c 48 b8 fe fe fe fe fe fe
0x000000006d2fc49b:   fe fe 48 3b d8 74 3d 80 3d ff c7 58 00 00 74 15 


Register to memory mapping:

RAX=0x0000000014b7f601 is pointing into the stack for thread: 0x00000000130b0000
RBX=0x00000000130b0000 is a thread
RCX=0x000000006e610056 is an unknown value
RDX=0x00000000130b0000 is a thread
RSP=0x0000000014b7f650 is pointing into the stack for thread: 0x00000000130b0000
RBP=0x000000006e610056 is an unknown value
RSI=0x0000000014b7f768 is pointing into the stack for thread: 0x00000000130b0000
RDI=0x000000000259a320 is an unknown value
R8 =0x0000000014b7f768 is pointing into the stack for thread: 0x00000000130b0000
R9 =0x00000000002f0008 is an unknown value
R10=0x0000000000000000 is an unknown value
R11=0x00000000131850e1 is an unknown value
R12=0x0000000000000000 is an unknown value
R13=0x0000000000000000 is an unknown value
R14=0x0000000000000000 is an unknown value
R15=0x0000000000000000 is an unknown value


Stack: [0x0000000014a80000,0x0000000014b80000],  sp=0x0000000014b7f650,  free space=1021k
Native frames: (J=compiled Java code, j=interpreted, Vv=VM code, C=native code)
V  [jvm.dll+0x11c48b]


---------------  P R O C E S S  ---------------

Java Threads: ( => current thread )
  0x0000000013139800 JavaThread "Service Thread" daemon [_thread_blocked, id=15008, stack(0x00000000151e0000,0x00000000152e0000)]
  0x0000000013136000 JavaThread "C2 CompilerThread1" daemon [_thread_blocked, id=17088, stack(0x0000000015000000,0x0000000015100000)]
  0x0000000013135000 JavaThread "C2 CompilerThread0" daemon [_thread_blocked, id=16708, stack(0x0000000014eb0000,0x0000000014fb0000)]
  0x00000000130bd000 JavaThread "JDWP Command Reader" daemon [_thread_in_native, id=19248, stack(0x0000000014ce0000,0x0000000014de0000)]
  0x00000000130bc800 JavaThread "JDWP Event Helper Thread" daemon [_thread_blocked, id=20820, stack(0x0000000014970000,0x0000000014a70000)]
=>0x00000000130b0000 JavaThread "JDWP Transport Listener: dt_socket" daemon [_thread_in_vm, id=440, stack(0x0000000014a80000,0x0000000014b80000)]
  0x00000000130a9800 JavaThread "Attach Listener" daemon [_thread_blocked, id=5724, stack(0x0000000014830000,0x0000000014930000)]
  0x00000000130a8800 JavaThread "Signal Dispatcher" daemon [_thread_blocked, id=6588, stack(0x00000000146c0000,0x00000000147c0000)]
  0x0000000011a77000 JavaThread "Finalizer" daemon [_thread_blocked, id=2204, stack(0x0000000014460000,0x0000000014560000)]
  0x0000000011a76000 JavaThread "Reference Handler" daemon [_thread_blocked, id=14812, stack(0x00000000142b0000,0x00000000143b0000)]
  0x000000000259e800 JavaThread "main" [_thread_blocked, id=22444, stack(0x0000000002870000,0x0000000002970000)]

Other Threads:
  0x0000000011a6e000 VMThread [stack: 0x00000000140c0000,0x00000000141c0000] [id=20268]
  0x0000000013155000 WatcherThread [stack: 0x0000000014b90000,0x0000000014c90000] [id=12780]

VM state:not at safepoint (normal execution)

VM Mutex/Monitor currently owned by a thread: None

Heap
 PSYoungGen      total 76160K, used 13104K [0x00000000ab0b0000, 0x00000000b05a0000, 0x0000000000000000)
  eden space 65344K, 20% used [0x00000000ab0b0000,0x00000000abd7c370,0x00000000af080000)
  from space 10816K, 0% used [0x00000000afb10000,0x00000000afb10000,0x00000000b05a0000)
  to   space 10816K, 0% used [0x00000000af080000,0x00000000af080000,0x00000000afb10000)
 ParOldGen       total 174016K, used 0K [0x0000000001200000, 0x000000000bbf0000, 0x00000000ab0b0000)
  object space 174016K, 0% used [0x0000000001200000,0x0000000001200000,0x000000000bbf0000)
 PSPermGen       total 21248K, used 5223K [0x00000000fc000000, 0x00000000fd4c0000, 0x0000000001200000)
  object space 21248K, 24% used [0x00000000fc000000,0x00000000fc519c48,0x00000000fd4c0000)

Code Cache  [0x0000000002970000, 0x0000000002be0000, 0x0000000005970000)
 total_blobs=245 nmethods=35 adapters=170 free_code_cache=48683Kb largest_free_block=49830592

Compilation events (10 events):
Event: 0.329 Thread 0x0000000013135000   30             net.minidev.json.parser.JSONParserBase::skipSpace (26 bytes)
Event: 0.329 Thread 0x0000000013136000   31             java.lang.String::trim (87 bytes)
Event: 0.330 Thread 0x0000000013135000 nmethod 30 0x00000000029e5590 code [0x00000000029e56e0, 0x00000000029e58d8]
Event: 0.330 Thread 0x0000000013135000   32             java.lang.String::substring (83 bytes)
Event: 0.331 Thread 0x0000000013135000 nmethod 32 0x00000000029e51d0 code [0x00000000029e5320, 0x00000000029e5478]
Event: 0.334 Thread 0x0000000013136000 nmethod 31 0x00000000029dd910 code [0x00000000029dda60, 0x00000000029ddef8]
Event: 2.581 Thread 0x0000000013135000   33             net.minidev.json.parser.JSONParserBase::parseNumber (359 bytes)
Event: 2.583 Thread 0x0000000013136000   34             net.minidev.json.parser.JSONParserBase::skipDigits (26 bytes)
Event: 2.587 Thread 0x0000000013136000 nmethod 34 0x00000000029dd410 code [0x00000000029dd560, 0x00000000029dd758]
Event: 2.599 Thread 0x0000000013135000 nmethod 33 0x00000000029e2910 code [0x00000000029e2ae0, 0x00000000029e3470]

GC Heap History (0 events):
No events

Deoptimization events (0 events):
No events

Internal exceptions (10 events):
Event: 0.314 Thread 0x000000000259e800 Threw 0x00000000abbdd898 at C:\jdk7u1_64p\jdk7u5\hotspot\src\share\vm\prims\jvm.cpp:1166
Event: 0.323 Thread 0x000000000259e800 Threw 0x00000000abc0c9a0 at C:\jdk7u1_64p\jdk7u5\hotspot\src\share\vm\prims\jvm.cpp:1166
Event: 0.324 Thread 0x000000000259e800 Threw 0x00000000abc17398 at C:\jdk7u1_64p\jdk7u5\hotspot\src\share\vm\prims\jvm.cpp:1166
Event: 0.324 Thread 0x000000000259e800 Threw 0x00000000abc1c410 at C:\jdk7u1_64p\jdk7u5\hotspot\src\share\vm\prims\jvm.cpp:1166
Event: 0.325 Thread 0x000000000259e800 Threw 0x00000000abc24f18 at C:\jdk7u1_64p\jdk7u5\hotspot\src\share\vm\prims\jvm.cpp:1166
Event: 0.325 Thread 0x000000000259e800 Threw 0x00000000abc2af00 at C:\jdk7u1_64p\jdk7u5\hotspot\src\share\vm\prims\jvm.cpp:1166
Event: 0.325 Thread 0x000000000259e800 Threw 0x00000000abc33a70 at C:\jdk7u1_64p\jdk7u5\hotspot\src\share\vm\prims\jvm.cpp:1166
Event: 0.326 Thread 0x000000000259e800 Threw 0x00000000abc3c5e0 at C:\jdk7u1_64p\jdk7u5\hotspot\src\share\vm\prims\jvm.cpp:1166
Event: 0.326 Thread 0x000000000259e800 Threw 0x00000000abc45688 at C:\jdk7u1_64p\jdk7u5\hotspot\src\share\vm\prims\jvm.cpp:1166
Event: 0.326 Thread 0x000000000259e800 Threw 0x00000000abc4c898 at C:\jdk7u1_64p\jdk7u5\hotspot\src\share\vm\prims\jvm.cpp:1166

Events (10 events):
Event: 4008.257 Executing VM operation: ChangeBreakpoints
Event: 4008.257 Executing VM operation: ChangeBreakpoints done
Event: 4008.257 Executing VM operation: ChangeBreakpoints
Event: 4008.257 Executing VM operation: ChangeBreakpoints done
Event: 4008.262 Executing VM operation: GetOrSetLocal
Event: 4008.262 Executing VM operation: GetOrSetLocal done
Event: 4008.270 Executing VM operation: ChangeBreakpoints
Event: 4008.270 Executing VM operation: ChangeBreakpoints done
Event: 4008.270 Executing VM operation: ChangeBreakpoints
Event: 4008.270 Executing VM operation: ChangeBreakpoints done


Dynamic libraries:
0x000000003f6d0000 - 0x000000003f703000 	C:\Program Files\Java\jdk1.7.0_05\bin\java.exe
0x0000000077040000 - 0x00000000771e9000 	C:\Windows\SYSTEM32\ntdll.dll
0x0000000076dc0000 - 0x0000000076edf000 	C:\Windows\system32\kernel32.dll
0x00000000fd550000 - 0x00000000fd5bb000 	C:\Windows\system32\KERNELBASE.dll
0x00000000feb40000 - 0x00000000fec1b000 	C:\Windows\system32\ADVAPI32.dll
0x00000000fedc0000 - 0x00000000fee5f000 	C:\Windows\system32\msvcrt.dll
0x00000000ff010000 - 0x00000000ff02f000 	C:\Windows\SYSTEM32\sechost.dll
0x00000000ff120000 - 0x00000000ff24d000 	C:\Windows\system32\RPCRT4.dll
0x0000000076b60000 - 0x0000000076c5a000 	C:\Windows\system32\USER32.dll
0x00000000ff0b0000 - 0x00000000ff117000 	C:\Windows\system32\GDI32.dll
0x00000000ff270000 - 0x00000000ff27e000 	C:\Windows\system32\LPK.dll
0x00000000fecf0000 - 0x00000000fedba000 	C:\Windows\system32\USP10.dll
0x00000000fbe10000 - 0x00000000fc004000 	C:\Windows\WinSxS\amd64_microsoft.windows.common-controls_6595b64144ccf1df_6.0.7601.17514_none_fa396087175ac9ac\COMCTL32.dll
0x00000000ff030000 - 0x00000000ff0a1000 	C:\Windows\system32\SHLWAPI.dll
0x00000000ff280000 - 0x00000000ff2ae000 	C:\Windows\system32\IMM32.DLL
0x00000000fef00000 - 0x00000000ff009000 	C:\Windows\system32\MSCTF.dll
0x000000005c760000 - 0x000000005c831000 	C:\Program Files\Java\jdk1.7.0_05\jre\bin\msvcr100.dll
0x000000006d1e0000 - 0x000000006d8fa000 	C:\Program Files\Java\jdk1.7.0_05\jre\bin\server\jvm.dll
0x00000000f7850000 - 0x00000000f7859000 	C:\Windows\system32\WSOCK32.dll
0x00000000fec20000 - 0x00000000fec6d000 	C:\Windows\system32\WS2_32.dll
0x00000000fe950000 - 0x00000000fe958000 	C:\Windows\system32\NSI.dll
0x00000000fa150000 - 0x00000000fa18b000 	C:\Windows\system32\WINMM.dll
0x0000000077210000 - 0x0000000077217000 	C:\Windows\system32\PSAPI.DLL
0x00000000697a0000 - 0x00000000697af000 	C:\Program Files\Java\jdk1.7.0_05\jre\bin\verify.dll
0x0000000069490000 - 0x00000000694b8000 	C:\Program Files\Java\jdk1.7.0_05\jre\bin\java.dll
0x000000005c700000 - 0x000000005c735000 	C:\Program Files\Java\jdk1.7.0_05\jre\bin\jdwp.dll
0x0000000067f20000 - 0x0000000067f28000 	C:\Program Files\Java\jdk1.7.0_05\jre\bin\npt.dll
0x000000005a570000 - 0x000000005a593000 	C:\Program Files\Java\jdk1.7.0_05\jre\bin\instrument.dll
0x000000005c740000 - 0x000000005c755000 	C:\Program Files\Java\jdk1.7.0_05\jre\bin\zip.dll
0x0000000067c80000 - 0x0000000067c89000 	C:\Program Files\Java\jdk1.7.0_05\jre\bin\dt_socket.dll
0x00000000fcd10000 - 0x00000000fcd65000 	C:\Windows\system32\mswsock.dll
0x00000000fc670000 - 0x00000000fc677000 	C:\Windows\System32\wshtcpip.dll
0x00000000eba40000 - 0x00000000ebb65000 	C:\Windows\system32\dbghelp.dll

VM Arguments:
jvm_args: -agentlib:jdwp=transport=dt_socket,address=127.0.0.1:56088,suspend=y,server=n -javaagent:C:\Users\rxiao\.IdeaIC14\system\groovyHotSwap\gragent.jar -Dfile.encoding=GBK 
java_command: com.intellij.rt.execution.junit.JUnitStarter -ideVersion5 com.xiaoqq.stockwin.util.StockJsonParserTest,testGetStockRoot
Launcher Type: SUN_STANDARD

Environment Variables:
JAVA_HOME=c:\Program Files\Java\jdk1.6.0_24
JRE_HOME=c:\Program Files\Java\jre6
PATH=C:\ProgramData\Oracle\Java\javapath;C:\Program Files (x86)\Intel\iCLS Client\;C:\Program Files\Intel\iCLS Client\;C:\Windows\system32;C:\Windows;C:\Windows\System32\Wbem;C:\Windows\System32\WindowsPowerShell\v1.0\;C:\Program Files\Intel\Intel(R) Management Engine Components\DAL;C:\Program Files (x86)\Intel\Intel(R) Management Engine Components\DAL;C:\Program Files\Intel\Intel(R) Management Engine Components\IPT;C:\Program Files (x86)\Intel\Intel(R) Management Engine Components\IPT;c:\Program Files\Java\jdk1.6.0_24\bin;C:\Program Files (x86)\Git\cmd;C:\Program Files (x86)\Git\bin;C:\Program Files\TortoiseSVN\bin;e:\open_source\ant\quest-ant-1.7/bin;e:\open_source\apache-maven-3.0.3/bin;C:\Program Files\nodejs\;c:\Program Files (x86)\Vim\vim73;C:\Ruby22-x64\bin;C:\Users\rxiao\AppData\Roaming\npm
USERNAME=rxiao
OS=Windows_NT
PROCESSOR_IDENTIFIER=Intel64 Family 6 Model 63 Stepping 2, GenuineIntel



---------------  S Y S T E M  ---------------

OS: Windows 7 , 64 bit Build 7601 Service Pack 1

CPU:total 12 (6 cores per cpu, 2 threads per core) family 6 model 63 stepping 2, cmov, cx8, fxsr, mmx, sse, sse2, sse3, ssse3, sse4.1, sse4.2, popcnt, avx, avx2, ht, tsc, tscinvbit

Memory: 4k page, physical 16699828k(3911832k free), swap 33397800k(7670228k free)

vm_info: Java HotSpot(TM) 64-Bit Server VM (23.1-b03) for windows-amd64 JRE (1.7.0_05-b06), built on Jun 27 2012 00:54:58 by "java_re" with unknown MS VC++:1600

time: Thu Jun 30 21:10:10 2016
elapsed time: 4008 seconds

